<?xml version="1.0" encoding="UTF-8"?>
<testng-results ignored="0" total="2" passed="2" failed="0" skipped="0">
  <reporter-output>
  </reporter-output>
  <suite started-at="2025-12-04T00:31:50 EET" name="CreateClient Suite" finished-at="2025-12-04T00:31:54 EET" duration-ms="3793">
    <groups>
    </groups>
    <test started-at="2025-12-04T00:31:50 EET" name="CreateClient Test" finished-at="2025-12-04T00:31:54 EET" duration-ms="3793">
      <class name="TestCases.Auth.Auth.CreateClientTest">
        <test-method signature="testCreateClient()[pri:0, instance:TestCases.Auth.Auth.CreateClientTest@59309333]" started-at="2025-12-04T00:31:50 EET" name="testCreateClient" finished-at="2025-12-04T00:31:53 EET" duration-ms="2697" status="PASS">
          <reporter-output>
          </reporter-output>
        </test-method> <!-- testCreateClient -->
      </class> <!-- TestCases.Auth.Auth.CreateClientTest -->
      <class name="TestCases.Auth.RealStateProject.SetupSplitTest">
        <test-method signature="testCreateSplitSetup()[pri:0, instance:TestCases.Auth.RealStateProject.SetupSplitTest@32115b28]" started-at="2025-12-04T00:31:53 EET" name="testCreateSplitSetup" finished-at="2025-12-04T00:31:54 EET" duration-ms="1058" status="PASS">
          <reporter-output>
          </reporter-output>
        </test-method> <!-- testCreateSplitSetup -->
      </class> <!-- TestCases.Auth.RealStateProject.SetupSplitTest -->
    </test> <!-- CreateClient Test -->
  </suite> <!-- CreateClient Suite -->
</testng-results>
