<?xml version="1.0" encoding="UTF-8"?>
<!-- Generated by org.testng.reporters.JUnitXMLReporter -->
<testsuite ignored="0" hostname="XtremeLite-PC" failures="0" tests="2" name="CreateClient Test" time="3.793" errors="0" timestamp="2025-12-04T00:31:54 EET">
  <testcase classname="TestCases.Auth.Auth.CreateClientTest" name="testCreateClient" time="2.697"/>
  <testcase classname="TestCases.Auth.RealStateProject.SetupSplitTest" name="testCreateSplitSetup" time="1.058"/>
</testsuite> <!-- CreateClient Test -->
